<?xml version="1.0" encoding="UTF-8"?>
<!-- Generated by org.testng.reporters.JUnitXMLReporter -->
<testsuite hostname="Qspider-PC" name="Test" tests="4" failures="0" timestamp="18 Aug 2016 14:19:34 GMT" time="27.73" errors="0">
  <testcase name="createUserTest" time="7.622" classname="com.acttime.usertest.USerTest"/>
  <testcase name="modifyUSerTest" time="2.162" classname="com.acttime.usertest.USerTest"/>
  <testcase name="createCustomerTest" time="0.005" classname="com.acttime.customertest.CustomerTest"/>
  <testcase name="modifyCustomerTest" time="0.001" classname="com.acttime.customertest.CustomerTest"/>
</testsuite> <!-- Test -->
